0 info it worked if it ends with ok
1 verbose cli [ '/usr/bin/node', '/usr/bin/npm', 'start' ]
2 info using npm@1.4.28
3 info using node@v0.10.33
4 verbose node symlink /usr/bin/node
5 verbose run-script [ 'prestart', 'start', 'poststart' ]
6 info prestart angular-seed@0.0.0
7 verbose unsafe-perm in lifecycle true
8 info start angular-seed@0.0.0
9 verbose unsafe-perm in lifecycle true
10 info angular-seed@0.0.0 Failed to exec start script
11 error angular-seed@0.0.0 start: `http-server -a localhost -p 8000 -c-1`
11 error Exit status 8
12 error Failed at the angular-seed@0.0.0 start script.
12 error This is most likely a problem with the angular-seed package,
12 error not with npm itself.
12 error Tell the author that this fails on your system:
12 error     http-server -a localhost -p 8000 -c-1
12 error You can get their info via:
12 error     npm owner ls angular-seed
12 error There is likely additional logging output above.
13 error System Linux 3.13.0-45-generic
14 error command "/usr/bin/node" "/usr/bin/npm" "start"
15 error cwd /home/williams/Documents/Proyectos/invoiceme
16 error node -v v0.10.33
17 error npm -v 1.4.28
18 error code ELIFECYCLE
19 verbose exit [ 1, true ]
